TN:
SF:task4\src\config.ts
FNF:0
FNH:0
DA:1,3
DA:3,3
LF:2
LH:2
BRF:0
BRH:0
end_of_record
TN:
SF:task4\src\helpers.ts
FN:4,(anonymous_0)
FN:8,(anonymous_1)
FN:12,(anonymous_2)
FN:24,(anonymous_3)
FNF:4
FNH:4
FNDA:21,(anonymous_0)
FNDA:12,(anonymous_1)
FNDA:24,(anonymous_2)
FNDA:171,(anonymous_3)
DA:1,3
DA:4,3
DA:5,21
DA:8,3
DA:9,12
DA:12,3
DA:13,24
DA:14,2
DA:17,22
DA:18,2
DA:21,20
DA:24,3
DA:25,171
LF:13
LH:13
BRDA:13,0,0,2
BRDA:13,1,0,24
BRDA:13,1,1,21
BRDA:17,2,0,2
BRDA:17,3,0,22
BRDA:17,3,1,12
BRF:6
BRH:6
end_of_record
TN:
SF:task4\src\services\public-holidays.service.ts
FN:8,(anonymous_8)
FN:8,(anonymous_9)
FN:15,(anonymous_10)
FN:21,(anonymous_11)
FN:21,(anonymous_12)
FN:32,(anonymous_13)
FN:32,(anonymous_14)
FN:39,(anonymous_15)
FNF:8
FNH:8
FNDA:11,(anonymous_8)
FNDA:11,(anonymous_9)
FNDA:115,(anonymous_10)
FNDA:8,(anonymous_11)
FNDA:8,(anonymous_12)
FNDA:7,(anonymous_13)
FNDA:7,(anonymous_14)
FNDA:55,(anonymous_15)
DA:1,2
DA:2,2
DA:3,2
DA:8,11
DA:9,11
DA:11,10
DA:12,10
DA:15,115
DA:17,1
DA:21,8
DA:22,8
DA:24,7
DA:25,7
DA:26,6
DA:28,1
DA:32,7
DA:33,7
DA:35,6
DA:36,6
DA:39,55
DA:41,1
LF:21
LH:21
BRF:0
BRH:0
end_of_record
